[2025-06-26 15:18:31Z INFO HostContext] No proxy settings were found based on environmental variables (http_proxy/https_proxy/HTTP_PROXY/HTTPS_PROXY)
[2025-06-26 15:18:31Z INFO HostContext] Well known directory 'Bin': 'C:\Users\Michael_Harhay\Desktop\CICD_Test\actions-runner\bin'
[2025-06-26 15:18:31Z INFO HostContext] Well known directory 'Root': 'C:\Users\Michael_Harhay\Desktop\CICD_Test\actions-runner'
[2025-06-26 15:18:31Z INFO HostContext] Well known config file 'Credentials': 'C:\Users\Michael_Harhay\Desktop\CICD_Test\actions-runner\.credentials'
[2025-06-26 15:18:31Z INFO HostContext] Well known directory 'Bin': 'C:\Users\Michael_Harhay\Desktop\CICD_Test\actions-runner\bin'
[2025-06-26 15:18:31Z INFO HostContext] Well known directory 'Root': 'C:\Users\Michael_Harhay\Desktop\CICD_Test\actions-runner'
[2025-06-26 15:18:31Z INFO HostContext] Well known config file 'Runner': 'C:\Users\Michael_Harhay\Desktop\CICD_Test\actions-runner\.runner'
[2025-06-26 15:18:31Z INFO Listener] Runner is built for Windows (X64) - win-x64.
[2025-06-26 15:18:31Z INFO Listener] RuntimeInformation: Microsoft Windows 10.0.22631.
[2025-06-26 15:18:31Z INFO Listener] Version: 2.325.0
[2025-06-26 15:18:31Z INFO Listener] Commit: 71ed7cd46223bd5d61633445946813012b502d54
[2025-06-26 15:18:31Z INFO Listener] Culture: en-CA
[2025-06-26 15:18:31Z INFO Listener] UI Culture: en-US
[2025-06-26 15:18:31Z INFO HostContext] Well known directory 'Bin': 'C:\Users\Michael_Harhay\Desktop\CICD_Test\actions-runner\bin'
[2025-06-26 15:18:31Z INFO HostContext] Well known directory 'Root': 'C:\Users\Michael_Harhay\Desktop\CICD_Test\actions-runner'
[2025-06-26 15:18:31Z INFO Listener] Validating directory permissions for: 'C:\Users\Michael_Harhay\Desktop\CICD_Test\actions-runner'
[2025-06-26 15:18:31Z INFO CommandLineParser] Parse
[2025-06-26 15:18:31Z INFO CommandLineParser] Parsing 1 args
[2025-06-26 15:18:31Z INFO CommandLineParser] parsing argument
[2025-06-26 15:18:31Z INFO CommandLineParser] HasArgs: False
[2025-06-26 15:18:31Z INFO CommandLineParser] Adding Command: run
[2025-06-26 15:18:31Z INFO Listener] Arguments parsed
[2025-06-26 15:18:31Z INFO Runner] ExecuteCommand
[2025-06-26 15:18:31Z INFO ConfigurationStore] currentAssemblyLocation: C:\Users\Michael_Harhay\Desktop\CICD_Test\actions-runner\bin\Runner.Listener.dll
[2025-06-26 15:18:31Z INFO HostContext] Well known directory 'Bin': 'C:\Users\Michael_Harhay\Desktop\CICD_Test\actions-runner\bin'
[2025-06-26 15:18:31Z INFO ConfigurationStore] binPath: C:\Users\Michael_Harhay\Desktop\CICD_Test\actions-runner\bin
[2025-06-26 15:18:31Z INFO HostContext] Well known directory 'Bin': 'C:\Users\Michael_Harhay\Desktop\CICD_Test\actions-runner\bin'
[2025-06-26 15:18:31Z INFO HostContext] Well known directory 'Root': 'C:\Users\Michael_Harhay\Desktop\CICD_Test\actions-runner'
[2025-06-26 15:18:31Z INFO ConfigurationStore] RootFolder: C:\Users\Michael_Harhay\Desktop\CICD_Test\actions-runner
[2025-06-26 15:18:31Z INFO HostContext] Well known directory 'Bin': 'C:\Users\Michael_Harhay\Desktop\CICD_Test\actions-runner\bin'
[2025-06-26 15:18:31Z INFO HostContext] Well known directory 'Root': 'C:\Users\Michael_Harhay\Desktop\CICD_Test\actions-runner'
[2025-06-26 15:18:31Z INFO HostContext] Well known config file 'Runner': 'C:\Users\Michael_Harhay\Desktop\CICD_Test\actions-runner\.runner'
[2025-06-26 15:18:31Z INFO ConfigurationStore] ConfigFilePath: C:\Users\Michael_Harhay\Desktop\CICD_Test\actions-runner\.runner
[2025-06-26 15:18:31Z INFO HostContext] Well known directory 'Bin': 'C:\Users\Michael_Harhay\Desktop\CICD_Test\actions-runner\bin'
[2025-06-26 15:18:31Z INFO HostContext] Well known directory 'Root': 'C:\Users\Michael_Harhay\Desktop\CICD_Test\actions-runner'
[2025-06-26 15:18:31Z INFO HostContext] Well known config file 'MigratedRunner': 'C:\Users\Michael_Harhay\Desktop\CICD_Test\actions-runner\.runner_migrated'
[2025-06-26 15:18:31Z INFO ConfigurationStore] MigratedConfigFilePath: C:\Users\Michael_Harhay\Desktop\CICD_Test\actions-runner\.runner_migrated
[2025-06-26 15:18:31Z INFO HostContext] Well known directory 'Bin': 'C:\Users\Michael_Harhay\Desktop\CICD_Test\actions-runner\bin'
[2025-06-26 15:18:31Z INFO HostContext] Well known directory 'Root': 'C:\Users\Michael_Harhay\Desktop\CICD_Test\actions-runner'
[2025-06-26 15:18:31Z INFO HostContext] Well known config file 'Credentials': 'C:\Users\Michael_Harhay\Desktop\CICD_Test\actions-runner\.credentials'
[2025-06-26 15:18:31Z INFO ConfigurationStore] CredFilePath: C:\Users\Michael_Harhay\Desktop\CICD_Test\actions-runner\.credentials
[2025-06-26 15:18:31Z INFO HostContext] Well known directory 'Bin': 'C:\Users\Michael_Harhay\Desktop\CICD_Test\actions-runner\bin'
[2025-06-26 15:18:31Z INFO HostContext] Well known directory 'Root': 'C:\Users\Michael_Harhay\Desktop\CICD_Test\actions-runner'
[2025-06-26 15:18:31Z INFO HostContext] Well known config file 'MigratedCredentials': 'C:\Users\Michael_Harhay\Desktop\CICD_Test\actions-runner\.credentials_migrated'
[2025-06-26 15:18:31Z INFO ConfigurationStore] MigratedCredFilePath: C:\Users\Michael_Harhay\Desktop\CICD_Test\actions-runner\.credentials_migrated
[2025-06-26 15:18:31Z INFO HostContext] Well known directory 'Bin': 'C:\Users\Michael_Harhay\Desktop\CICD_Test\actions-runner\bin'
[2025-06-26 15:18:31Z INFO HostContext] Well known directory 'Root': 'C:\Users\Michael_Harhay\Desktop\CICD_Test\actions-runner'
[2025-06-26 15:18:31Z INFO HostContext] Well known config file 'Service': 'C:\Users\Michael_Harhay\Desktop\CICD_Test\actions-runner\.service'
[2025-06-26 15:18:31Z INFO ConfigurationStore] ServiceConfigFilePath: C:\Users\Michael_Harhay\Desktop\CICD_Test\actions-runner\.service
[2025-06-26 15:18:31Z INFO CommandSettings] Flag 'help': 'False'
[2025-06-26 15:18:31Z INFO CommandSettings] Flag 'version': 'False'
[2025-06-26 15:18:31Z INFO CommandSettings] Flag 'commit': 'False'
[2025-06-26 15:18:31Z INFO CommandSettings] Flag 'check': 'False'
[2025-06-26 15:18:31Z INFO CommandSettings] Command 'configure': 'False'
[2025-06-26 15:18:31Z INFO CommandSettings] Command 'remove': 'False'
[2025-06-26 15:18:31Z INFO CommandSettings] Command 'warmup': 'False'
[2025-06-26 15:18:31Z INFO ConfigurationManager] LoadSettings
[2025-06-26 15:18:31Z INFO ConfigurationStore] IsConfigured()
[2025-06-26 15:18:31Z INFO ConfigurationStore] IsConfigured: True
[2025-06-26 15:18:31Z INFO ConfigurationManager] Is configured: True
[2025-06-26 15:18:31Z INFO ConfigurationStore] Read setting file: 403 chars
[2025-06-26 15:18:31Z INFO ConfigurationManager] Settings Loaded
[2025-06-26 15:18:31Z INFO ConfigurationStore] IsServiceConfigured()
[2025-06-26 15:18:31Z INFO ConfigurationStore] IsServiceConfigured: False
[2025-06-26 15:18:31Z INFO CommandSettings] Command 'run': 'True'
[2025-06-26 15:18:31Z INFO ConfigurationStore] IsConfigured()
[2025-06-26 15:18:31Z INFO ConfigurationStore] IsConfigured: True
[2025-06-26 15:18:31Z INFO ConfigurationManager] Is configured: True
[2025-06-26 15:18:31Z INFO Runner] Could not parse the argument value '' for StartupType. Defaulting to Manual
[2025-06-26 15:18:31Z INFO Runner] Set runner startup type - Manual
[2025-06-26 15:18:31Z INFO CommandSettings] Flag 'once': 'False'
[2025-06-26 15:18:31Z INFO CommandSettings] Flag 'once': 'False'
[2025-06-26 15:18:31Z INFO Runner] RunAsync
[2025-06-26 15:18:31Z INFO ConfigurationManager] LoadMigratedSettings
[2025-06-26 15:18:31Z INFO ConfigurationStore] IsMigratedConfigured()
[2025-06-26 15:18:31Z INFO ConfigurationStore] IsMigratedConfigured: False
[2025-06-26 15:18:31Z INFO Runner] Failed to load migrated settings: No migrated configuration found.
[2025-06-26 15:18:31Z INFO Runner] Falling back to original .runner settings
[2025-06-26 15:18:31Z INFO Runner] Using BrokerMessageListener
[2025-06-26 15:18:31Z INFO BrokerMessageListener] Using provided settings
[2025-06-26 15:18:31Z INFO BrokerMessageListener] {
  "AgentId": 21,
  "AgentName": "CVI-RUNNER",
  "PoolId": 1,
  "PoolName": "Default",
  "ServerUrl": "https://pipelinesghubeus13.actions.githubusercontent.com/3xdDeZjAuQjMdG01lqsG7wBAsVZsAfahdAJgbQwNDESCJFrKmj/",
  "GitHubUrl": "https://github.com/michael-harhay-arx/CICD_Test",
  "WorkFolder": "_work",
  "UseV2Flow": true,
  "ServerUrlV2": "https://broker.actions.githubusercontent.com/"
}
[2025-06-26 15:18:31Z INFO BrokerMessageListener] Loading Credentials
[2025-06-26 15:18:31Z INFO ConfigurationStore] HasCredentials()
[2025-06-26 15:18:31Z INFO ConfigurationStore] stored True
[2025-06-26 15:18:31Z INFO CredentialManager] GetCredentialProvider
[2025-06-26 15:18:31Z INFO CredentialManager] Creating type OAuth
[2025-06-26 15:18:31Z INFO CredentialManager] Creating credential type: OAuth
[2025-06-26 15:18:31Z INFO HostContext] Well known directory 'Bin': 'C:\Users\Michael_Harhay\Desktop\CICD_Test\actions-runner\bin'
[2025-06-26 15:18:31Z INFO HostContext] Well known directory 'Root': 'C:\Users\Michael_Harhay\Desktop\CICD_Test\actions-runner'
[2025-06-26 15:18:31Z INFO HostContext] Well known config file 'RSACredentials': 'C:\Users\Michael_Harhay\Desktop\CICD_Test\actions-runner\.credentials_rsaparams'
[2025-06-26 15:18:31Z INFO RSAEncryptedFileKeyManager] Loading RSA key parameters from file C:\Users\Michael_Harhay\Desktop\CICD_Test\actions-runner\.credentials_rsaparams
[2025-06-26 15:18:32Z INFO BrokerMessageListener] Attempt to create session.
[2025-06-26 15:18:32Z INFO BrokerMessageListener] Connecting to the Broker Server...
[2025-06-26 15:18:32Z INFO ConfigurationStore] HasCredentials()
[2025-06-26 15:18:32Z INFO ConfigurationStore] stored True
[2025-06-26 15:18:32Z INFO CredentialManager] GetCredentialProvider
[2025-06-26 15:18:32Z INFO CredentialManager] Creating type OAuth
[2025-06-26 15:18:32Z INFO CredentialManager] Creating credential type: OAuth
[2025-06-26 15:18:32Z INFO RSAEncryptedFileKeyManager] Loading RSA key parameters from file C:\Users\Michael_Harhay\Desktop\CICD_Test\actions-runner\.credentials_rsaparams
[2025-06-26 15:18:32Z INFO BrokerMessageListener] VssConnection created
[2025-06-26 15:18:32Z INFO BrokerMessageListener] Connecting to the Runner server...
[2025-06-26 15:18:32Z INFO RunnerServer] EstablishVssConnection
[2025-06-26 15:18:32Z INFO RunnerServer] Establish connection with 100 seconds timeout.
[2025-06-26 15:18:32Z INFO GitHubActionsService] Starting operation Location.GetConnectionData
[2025-06-26 15:18:32Z INFO RunnerServer] EstablishVssConnection
[2025-06-26 15:18:32Z INFO RunnerServer] Establish connection with 60 seconds timeout.
[2025-06-26 15:18:32Z INFO GitHubActionsService] Starting operation Location.GetConnectionData
[2025-06-26 15:18:32Z INFO RunnerServer] EstablishVssConnection
[2025-06-26 15:18:32Z INFO RunnerServer] Establish connection with 60 seconds timeout.
[2025-06-26 15:18:32Z INFO GitHubActionsService] Starting operation Location.GetConnectionData
[2025-06-26 15:18:32Z INFO GitHubActionsService] Finished operation Location.GetConnectionData
[2025-06-26 15:18:32Z INFO GitHubActionsService] Finished operation Location.GetConnectionData
[2025-06-26 15:18:32Z INFO GitHubActionsService] Finished operation Location.GetConnectionData
[2025-06-26 15:18:32Z INFO BrokerMessageListener] VssConnection created
[2025-06-26 15:18:32Z INFO Terminal] WRITE LINE: 
[2025-06-26 15:18:32Z INFO Terminal] WRITE LINE: 
[2025-06-26 15:18:32Z INFO RSAEncryptedFileKeyManager] Loading RSA key parameters from file C:\Users\Michael_Harhay\Desktop\CICD_Test\actions-runner\.credentials_rsaparams
[2025-06-26 15:18:32Z INFO RSAEncryptedFileKeyManager] Loading RSA key parameters from file C:\Users\Michael_Harhay\Desktop\CICD_Test\actions-runner\.credentials_rsaparams
[2025-06-26 15:18:32Z INFO GitHubActionsService] AAD Correlation ID for this token request: Unknown
[2025-06-26 15:18:32Z INFO BrokerMessageListener] Session created.
[2025-06-26 15:18:32Z INFO Terminal] WRITE LINE: Current runner version: '2.325.0'
[2025-06-26 15:18:32Z INFO Terminal] WRITE LINE: 2025-06-26 15:18:32Z: Listening for Jobs
[2025-06-26 15:18:32Z INFO JobDispatcher] Set runner/worker IPC timeout to 30 seconds.
[2025-06-26 15:18:33Z INFO ConfigurationStore] HasCredentials()
[2025-06-26 15:18:33Z INFO ConfigurationStore] stored True
[2025-06-26 15:18:33Z INFO CredentialManager] GetCredentialProvider
[2025-06-26 15:18:33Z INFO CredentialManager] Creating type OAuth
[2025-06-26 15:18:33Z INFO CredentialManager] Creating credential type: OAuth
[2025-06-26 15:18:33Z INFO RSAEncryptedFileKeyManager] Loading RSA key parameters from file C:\Users\Michael_Harhay\Desktop\CICD_Test\actions-runner\.credentials_rsaparams
[2025-06-26 15:18:33Z INFO RSAEncryptedFileKeyManager] Loading RSA key parameters from file C:\Users\Michael_Harhay\Desktop\CICD_Test\actions-runner\.credentials_rsaparams
[2025-06-26 15:18:33Z INFO RSAEncryptedFileKeyManager] Loading RSA key parameters from file C:\Users\Michael_Harhay\Desktop\CICD_Test\actions-runner\.credentials_rsaparams
[2025-06-26 15:18:33Z INFO GitHubActionsService] AAD Correlation ID for this token request: Unknown
[2025-06-26 15:18:33Z INFO JobDispatcher] Job request 0 for plan 37ca5e7d-8984-4ca8-914b-ae775d5d2637 job bba73a77-9755-5974-a86d-c854fcd51d00 received.
[2025-06-26 15:18:33Z INFO BrokerMessageListener] Received job status event. JobState: Busy
[2025-06-26 15:18:33Z INFO BrokerMessageListener] _getMessagesTokenSource is already disposed.
[2025-06-26 15:18:33Z INFO Terminal] WRITE LINE: 2025-06-26 15:18:33Z: Running job: build
[2025-06-26 15:18:33Z INFO JobDispatcher] Start renew job request 0 for job bba73a77-9755-5974-a86d-c854fcd51d00.
[2025-06-26 15:18:33Z INFO JobDispatcher] Successfully renew job bba73a77-9755-5974-a86d-c854fcd51d00, job is valid till 2025-06-26 3:28:15 PM
[2025-06-26 15:18:34Z INFO HostContext] Well known directory 'Bin': 'C:\Users\Michael_Harhay\Desktop\CICD_Test\actions-runner\bin'
[2025-06-26 15:18:34Z INFO ProcessInvokerWrapper] Starting process:
[2025-06-26 15:18:34Z INFO ProcessInvokerWrapper]   File name: 'C:\Users\Michael_Harhay\Desktop\CICD_Test\actions-runner\bin\Runner.Worker.exe'
[2025-06-26 15:18:34Z INFO ProcessInvokerWrapper]   Arguments: 'spawnclient 2208 2220'
[2025-06-26 15:18:34Z INFO ProcessInvokerWrapper]   Working directory: 'C:\Users\Michael_Harhay\Desktop\CICD_Test\actions-runner\bin'
[2025-06-26 15:18:34Z INFO ProcessInvokerWrapper]   Require exit code zero: 'False'
[2025-06-26 15:18:34Z INFO ProcessInvokerWrapper]   Encoding web name:  ; code page: ''
[2025-06-26 15:18:34Z INFO ProcessInvokerWrapper]   Force kill process on cancellation: 'True'
[2025-06-26 15:18:34Z INFO ProcessInvokerWrapper]   Redirected STDIN: 'False'
[2025-06-26 15:18:34Z INFO ProcessInvokerWrapper]   Persist current code page: 'False'
[2025-06-26 15:18:34Z INFO ProcessInvokerWrapper]   Keep redirected STDIN open: 'False'
[2025-06-26 15:18:34Z INFO ProcessInvokerWrapper]   High priority process: 'True'
[2025-06-26 15:18:34Z INFO ProcessInvokerWrapper] Process started with process id 7632, waiting for process exit.
[2025-06-26 15:18:34Z INFO JobDispatcher] Send job request message to worker for job bba73a77-9755-5974-a86d-c854fcd51d00.
[2025-06-26 15:18:34Z INFO ProcessChannel] Sending message of length 20102, with hash '75fecd8133e3d089e05f5885eed48463872130718fc871c1353d1b644e1e4e72'
[2025-06-26 15:18:34Z INFO JobNotification] Entering JobStarted Notification
[2025-06-26 15:18:34Z INFO JobNotification] Entering StartMonitor
[2025-06-26 15:18:36Z INFO ProcessInvokerWrapper] STDOUT/STDERR stream read finished.
[2025-06-26 15:18:36Z INFO ProcessInvokerWrapper] STDOUT/STDERR stream read finished.
[2025-06-26 15:18:36Z INFO ProcessInvokerWrapper] Finished process 7632 with exit code 102, and elapsed time 00:00:02.8641536.
[2025-06-26 15:18:36Z INFO JobDispatcher] Worker finished for job bba73a77-9755-5974-a86d-c854fcd51d00. Code: 102
[2025-06-26 15:18:36Z INFO JobDispatcher] finish job request for job bba73a77-9755-5974-a86d-c854fcd51d00 with result: Failed
[2025-06-26 15:18:36Z INFO Terminal] WRITE LINE: 2025-06-26 15:18:36Z: Job build completed with result: Failed
[2025-06-26 15:18:36Z INFO JobDispatcher] Stop renew job request for job bba73a77-9755-5974-a86d-c854fcd51d00.
[2025-06-26 15:18:36Z INFO JobDispatcher] job renew has been cancelled, stop renew job bba73a77-9755-5974-a86d-c854fcd51d00.
[2025-06-26 15:18:36Z INFO JobNotification] Entering JobCompleted Notification
[2025-06-26 15:18:36Z INFO JobNotification] Entering EndMonitor
[2025-06-26 15:18:36Z INFO BrokerMessageListener] Received job status event. JobState: Online
[2025-06-26 15:18:36Z WARN GitHubActionsService] GET request to https://broker.actions.githubusercontent.com/message?sessionId=58051bfe-a5f4-4cd9-8a39-be845df4a5e0&status=Busy&runnerVersion=2.325.0&os=Windows&architecture=X64&disableUpdate=false has been cancelled.
[2025-06-26 15:18:36Z ERR  BrokerServer] Catch exception during request
[2025-06-26 15:18:36Z ERR  BrokerServer] System.Threading.Tasks.TaskCanceledException: The operation was canceled.
 ---> System.Threading.Tasks.TaskCanceledException: The operation was canceled.
 ---> System.IO.IOException: Unable to read data from the transport connection: The I/O operation has been aborted because of either a thread exit or an application request..
 ---> System.Net.Sockets.SocketException (995): The I/O operation has been aborted because of either a thread exit or an application request.
   --- End of inner exception stack trace ---
   at System.Net.Sockets.Socket.AwaitableSocketAsyncEventArgs.ThrowException(SocketError error, CancellationToken cancellationToken)
   at System.Net.Sockets.Socket.AwaitableSocketAsyncEventArgs.System.Threading.Tasks.Sources.IValueTaskSource<System.Int32>.GetResult(Int16 token)
   at System.Net.Security.SslStream.EnsureFullTlsFrameAsync[TIOAdapter](CancellationToken cancellationToken, Int32 estimatedSize)
   at System.Runtime.CompilerServices.PoolingAsyncValueTaskMethodBuilder`1.StateMachineBox`1.System.Threading.Tasks.Sources.IValueTaskSource<TResult>.GetResult(Int16 token)
   at System.Net.Security.SslStream.ReadAsyncInternal[TIOAdapter](Memory`1 buffer, CancellationToken cancellationToken)
   at System.Runtime.CompilerServices.PoolingAsyncValueTaskMethodBuilder`1.StateMachineBox`1.System.Threading.Tasks.Sources.IValueTaskSource<TResult>.GetResult(Int16 token)
   at System.Net.Http.HttpConnection.SendAsync(HttpRequestMessage request, Boolean async, CancellationToken cancellationToken)
   --- End of inner exception stack trace ---
   at System.Net.Http.HttpConnection.SendAsync(HttpRequestMessage request, Boolean async, CancellationToken cancellationToken)
   at System.Net.Http.AuthenticationHelper.SendWithNtAuthAsync(HttpRequestMessage request, Uri authUri, Boolean async, ICredentials credentials, Boolean isProxyAuth, HttpConnection connection, HttpConnectionPool connectionPool, CancellationToken cancellationToken)
   at System.Net.Http.HttpConnectionPool.SendWithVersionDetectionAndRetryAsync(HttpRequestMessage request, Boolean async, Boolean doRequestAuth, CancellationToken cancellationToken)
   at System.Net.Http.AuthenticationHelper.SendWithAuthAsync(HttpRequestMessage request, Uri authUri, Boolean async, ICredentials credentials, Boolean preAuthenticate, Boolean isProxyAuth, Boolean doRequestAuth, HttpConnectionPool pool, CancellationToken cancellationToken)
   at System.Net.Http.RedirectHandler.SendAsync(HttpRequestMessage request, Boolean async, CancellationToken cancellationToken)
   at GitHub.Services.Common.RawHttpMessageHandler.SendAsync(HttpRequestMessage request, CancellationToken cancellationToken)
   at GitHub.Services.Common.VssHttpRetryMessageHandler.SendAsync(HttpRequestMessage request, CancellationToken cancellationToken)
   at System.Net.Http.HttpClient.<SendAsync>g__Core|83_0(HttpRequestMessage request, HttpCompletionOption completionOption, CancellationTokenSource cts, Boolean disposeCts, CancellationTokenSource pendingRequestsCts, CancellationToken originalCancellationToken)
   --- End of inner exception stack trace ---
   at System.Net.Http.HttpClient.HandleFailure(Exception e, Boolean telemetryStarted, HttpResponseMessage response, CancellationTokenSource cts, CancellationToken cancellationToken, CancellationTokenSource pendingRequestsCts)
   at System.Net.Http.HttpClient.<SendAsync>g__Core|83_0(HttpRequestMessage request, HttpCompletionOption completionOption, CancellationTokenSource cts, Boolean disposeCts, CancellationTokenSource pendingRequestsCts, CancellationToken originalCancellationToken)
   at Sdk.WebApi.WebApi.RawHttpClientBase.SendAsync(HttpRequestMessage message, HttpCompletionOption completionOption, Object userState, CancellationToken cancellationToken)
   at Sdk.WebApi.WebApi.RawHttpClientBase.SendAsync[T](HttpRequestMessage message, Boolean readErrorBody, Object userState, CancellationToken cancellationToken)
   at Sdk.WebApi.WebApi.RawHttpClientBase.SendAsync[T](HttpMethod method, IEnumerable`1 additionalHeaders, Uri requestUri, HttpContent content, IEnumerable`1 queryParameters, Boolean readErrorBody, Object userState, CancellationToken cancellationToken)
   at GitHub.Actions.RunService.WebApi.BrokerHttpClient.GetRunnerMessageAsync(Nullable`1 sessionId, String runnerVersion, Nullable`1 status, String os, String architecture, Nullable`1 disableUpdate, CancellationToken cancellationToken)
   at GitHub.Runner.Common.BrokerServer.<>c__DisplayClass7_0.<<GetRunnerMessageAsync>b__0>d.MoveNext()
--- End of stack trace from previous location ---
   at GitHub.Runner.Common.RunnerService.RetryRequest[T](Func`1 func, CancellationToken cancellationToken, Int32 maxRetryAttemptsCount, Func`2 shouldRetry)
[2025-06-26 15:18:36Z ERR  BrokerServer] #####################################################
[2025-06-26 15:18:36Z ERR  BrokerServer] System.Threading.Tasks.TaskCanceledException: The operation was canceled.
 ---> System.IO.IOException: Unable to read data from the transport connection: The I/O operation has been aborted because of either a thread exit or an application request..
 ---> System.Net.Sockets.SocketException (995): The I/O operation has been aborted because of either a thread exit or an application request.
   --- End of inner exception stack trace ---
   at System.Net.Sockets.Socket.AwaitableSocketAsyncEventArgs.ThrowException(SocketError error, CancellationToken cancellationToken)
   at System.Net.Sockets.Socket.AwaitableSocketAsyncEventArgs.System.Threading.Tasks.Sources.IValueTaskSource<System.Int32>.GetResult(Int16 token)
   at System.Net.Security.SslStream.EnsureFullTlsFrameAsync[TIOAdapter](CancellationToken cancellationToken, Int32 estimatedSize)
   at System.Runtime.CompilerServices.PoolingAsyncValueTaskMethodBuilder`1.StateMachineBox`1.System.Threading.Tasks.Sources.IValueTaskSource<TResult>.GetResult(Int16 token)
   at System.Net.Security.SslStream.ReadAsyncInternal[TIOAdapter](Memory`1 buffer, CancellationToken cancellationToken)
   at System.Runtime.CompilerServices.PoolingAsyncValueTaskMethodBuilder`1.StateMachineBox`1.System.Threading.Tasks.Sources.IValueTaskSource<TResult>.GetResult(Int16 token)
   at System.Net.Http.HttpConnection.SendAsync(HttpRequestMessage request, Boolean async, CancellationToken cancellationToken)
   --- End of inner exception stack trace ---
   at System.Net.Http.HttpConnection.SendAsync(HttpRequestMessage request, Boolean async, CancellationToken cancellationToken)
   at System.Net.Http.AuthenticationHelper.SendWithNtAuthAsync(HttpRequestMessage request, Uri authUri, Boolean async, ICredentials credentials, Boolean isProxyAuth, HttpConnection connection, HttpConnectionPool connectionPool, CancellationToken cancellationToken)
   at System.Net.Http.HttpConnectionPool.SendWithVersionDetectionAndRetryAsync(HttpRequestMessage request, Boolean async, Boolean doRequestAuth, CancellationToken cancellationToken)
   at System.Net.Http.AuthenticationHelper.SendWithAuthAsync(HttpRequestMessage request, Uri authUri, Boolean async, ICredentials credentials, Boolean preAuthenticate, Boolean isProxyAuth, Boolean doRequestAuth, HttpConnectionPool pool, CancellationToken cancellationToken)
   at System.Net.Http.RedirectHandler.SendAsync(HttpRequestMessage request, Boolean async, CancellationToken cancellationToken)
   at GitHub.Services.Common.RawHttpMessageHandler.SendAsync(HttpRequestMessage request, CancellationToken cancellationToken)
   at GitHub.Services.Common.VssHttpRetryMessageHandler.SendAsync(HttpRequestMessage request, CancellationToken cancellationToken)
   at System.Net.Http.HttpClient.<SendAsync>g__Core|83_0(HttpRequestMessage request, HttpCompletionOption completionOption, CancellationTokenSource cts, Boolean disposeCts, CancellationTokenSource pendingRequestsCts, CancellationToken originalCancellationToken)
[2025-06-26 15:18:36Z ERR  BrokerServer] #####################################################
[2025-06-26 15:18:36Z ERR  BrokerServer] System.IO.IOException: Unable to read data from the transport connection: The I/O operation has been aborted because of either a thread exit or an application request..
 ---> System.Net.Sockets.SocketException (995): The I/O operation has been aborted because of either a thread exit or an application request.
   --- End of inner exception stack trace ---
   at System.Net.Sockets.Socket.AwaitableSocketAsyncEventArgs.ThrowException(SocketError error, CancellationToken cancellationToken)
   at System.Net.Sockets.Socket.AwaitableSocketAsyncEventArgs.System.Threading.Tasks.Sources.IValueTaskSource<System.Int32>.GetResult(Int16 token)
   at System.Net.Security.SslStream.EnsureFullTlsFrameAsync[TIOAdapter](CancellationToken cancellationToken, Int32 estimatedSize)
   at System.Runtime.CompilerServices.PoolingAsyncValueTaskMethodBuilder`1.StateMachineBox`1.System.Threading.Tasks.Sources.IValueTaskSource<TResult>.GetResult(Int16 token)
   at System.Net.Security.SslStream.ReadAsyncInternal[TIOAdapter](Memory`1 buffer, CancellationToken cancellationToken)
   at System.Runtime.CompilerServices.PoolingAsyncValueTaskMethodBuilder`1.StateMachineBox`1.System.Threading.Tasks.Sources.IValueTaskSource<TResult>.GetResult(Int16 token)
   at System.Net.Http.HttpConnection.SendAsync(HttpRequestMessage request, Boolean async, CancellationToken cancellationToken)
[2025-06-26 15:18:36Z ERR  BrokerServer] #####################################################
[2025-06-26 15:18:36Z ERR  BrokerServer] System.Net.Sockets.SocketException (995): The I/O operation has been aborted because of either a thread exit or an application request.
[2025-06-26 15:18:36Z WARN BrokerServer] Back off 14.86 seconds before next retry. 4 attempt left.
[2025-06-26 15:18:36Z INFO BrokerMessageListener] Get messages has been cancelled using local token source. Continue to get messages with new status.
[2025-06-26 15:20:27Z INFO ConfigurationStore] HasCredentials()
[2025-06-26 15:20:27Z INFO ConfigurationStore] stored True
[2025-06-26 15:20:27Z INFO CredentialManager] GetCredentialProvider
[2025-06-26 15:20:27Z INFO CredentialManager] Creating type OAuth
[2025-06-26 15:20:27Z INFO CredentialManager] Creating credential type: OAuth
[2025-06-26 15:20:27Z INFO RSAEncryptedFileKeyManager] Loading RSA key parameters from file C:\Users\Michael_Harhay\Desktop\CICD_Test\actions-runner\.credentials_rsaparams
[2025-06-26 15:20:27Z INFO RSAEncryptedFileKeyManager] Loading RSA key parameters from file C:\Users\Michael_Harhay\Desktop\CICD_Test\actions-runner\.credentials_rsaparams
[2025-06-26 15:20:27Z INFO RSAEncryptedFileKeyManager] Loading RSA key parameters from file C:\Users\Michael_Harhay\Desktop\CICD_Test\actions-runner\.credentials_rsaparams
[2025-06-26 15:20:27Z INFO GitHubActionsService] AAD Correlation ID for this token request: Unknown
[2025-06-26 15:20:27Z INFO JobDispatcher] Job request 0 for plan 02f02971-8343-4c19-9a77-82cee935dfe6 job 85f1e8ec-e5c6-59f1-8707-b51d506e9d04 received.
[2025-06-26 15:20:27Z INFO BrokerMessageListener] Received job status event. JobState: Busy
[2025-06-26 15:20:27Z INFO BrokerMessageListener] _getMessagesTokenSource is already disposed.
[2025-06-26 15:20:27Z INFO JobDispatcher] Job request bba73a77-9755-5974-a86d-c854fcd51d00 processed succeed.
[2025-06-26 15:20:27Z INFO Terminal] WRITE LINE: 2025-06-26 15:20:27Z: Running job: build
[2025-06-26 15:20:27Z INFO JobDispatcher] Start renew job request 0 for job 85f1e8ec-e5c6-59f1-8707-b51d506e9d04.
[2025-06-26 15:20:27Z INFO JobDispatcher] Successfully renew job 85f1e8ec-e5c6-59f1-8707-b51d506e9d04, job is valid till 2025-06-26 3:30:09 PM
[2025-06-26 15:20:27Z INFO HostContext] Well known directory 'Bin': 'C:\Users\Michael_Harhay\Desktop\CICD_Test\actions-runner\bin'
[2025-06-26 15:20:27Z INFO ProcessInvokerWrapper] Starting process:
[2025-06-26 15:20:27Z INFO ProcessInvokerWrapper]   File name: 'C:\Users\Michael_Harhay\Desktop\CICD_Test\actions-runner\bin\Runner.Worker.exe'
[2025-06-26 15:20:27Z INFO ProcessInvokerWrapper]   Arguments: 'spawnclient 2240 628'
[2025-06-26 15:20:27Z INFO ProcessInvokerWrapper]   Working directory: 'C:\Users\Michael_Harhay\Desktop\CICD_Test\actions-runner\bin'
[2025-06-26 15:20:27Z INFO ProcessInvokerWrapper]   Require exit code zero: 'False'
[2025-06-26 15:20:27Z INFO ProcessInvokerWrapper]   Encoding web name:  ; code page: ''
[2025-06-26 15:20:27Z INFO ProcessInvokerWrapper]   Force kill process on cancellation: 'True'
[2025-06-26 15:20:27Z INFO ProcessInvokerWrapper]   Redirected STDIN: 'False'
[2025-06-26 15:20:27Z INFO ProcessInvokerWrapper]   Persist current code page: 'False'
[2025-06-26 15:20:27Z INFO ProcessInvokerWrapper]   Keep redirected STDIN open: 'False'
[2025-06-26 15:20:27Z INFO ProcessInvokerWrapper]   High priority process: 'True'
[2025-06-26 15:20:27Z INFO ProcessInvokerWrapper] Process started with process id 14364, waiting for process exit.
[2025-06-26 15:20:27Z INFO JobDispatcher] Send job request message to worker for job 85f1e8ec-e5c6-59f1-8707-b51d506e9d04.
[2025-06-26 15:20:27Z INFO ProcessChannel] Sending message of length 20139, with hash '4c4465e387b61a6eb213d881052fd5fae2253c45df268cdfcbf497127f534901'
[2025-06-26 15:20:28Z INFO JobNotification] Entering JobStarted Notification
[2025-06-26 15:20:28Z INFO JobNotification] Entering StartMonitor
[2025-06-26 15:20:55Z INFO ProcessInvokerWrapper] STDOUT/STDERR stream read finished.
[2025-06-26 15:20:55Z INFO ProcessInvokerWrapper] STDOUT/STDERR stream read finished.
[2025-06-26 15:20:55Z INFO ProcessInvokerWrapper] Finished process 14364 with exit code 102, and elapsed time 00:00:28.0896489.
[2025-06-26 15:20:55Z INFO JobDispatcher] Worker finished for job 85f1e8ec-e5c6-59f1-8707-b51d506e9d04. Code: 102
[2025-06-26 15:20:55Z INFO JobDispatcher] finish job request for job 85f1e8ec-e5c6-59f1-8707-b51d506e9d04 with result: Failed
[2025-06-26 15:20:55Z INFO Terminal] WRITE LINE: 2025-06-26 15:20:55Z: Job build completed with result: Failed
[2025-06-26 15:20:55Z INFO JobDispatcher] Stop renew job request for job 85f1e8ec-e5c6-59f1-8707-b51d506e9d04.
[2025-06-26 15:20:55Z INFO JobDispatcher] job renew has been cancelled, stop renew job 85f1e8ec-e5c6-59f1-8707-b51d506e9d04.
[2025-06-26 15:20:55Z INFO JobNotification] Entering JobCompleted Notification
[2025-06-26 15:20:55Z INFO JobNotification] Entering EndMonitor
[2025-06-26 15:20:55Z INFO BrokerMessageListener] Received job status event. JobState: Online
[2025-06-26 15:20:55Z WARN GitHubActionsService] GET request to https://broker.actions.githubusercontent.com/message?sessionId=58051bfe-a5f4-4cd9-8a39-be845df4a5e0&status=Busy&runnerVersion=2.325.0&os=Windows&architecture=X64&disableUpdate=false has been cancelled.
[2025-06-26 15:20:55Z ERR  BrokerServer] Catch exception during request
[2025-06-26 15:20:55Z ERR  BrokerServer] System.Threading.Tasks.TaskCanceledException: The operation was canceled.
 ---> System.Threading.Tasks.TaskCanceledException: The operation was canceled.
 ---> System.IO.IOException: Unable to read data from the transport connection: The I/O operation has been aborted because of either a thread exit or an application request..
 ---> System.Net.Sockets.SocketException (995): The I/O operation has been aborted because of either a thread exit or an application request.
   --- End of inner exception stack trace ---
   at System.Net.Sockets.Socket.AwaitableSocketAsyncEventArgs.ThrowException(SocketError error, CancellationToken cancellationToken)
   at System.Net.Sockets.Socket.AwaitableSocketAsyncEventArgs.System.Threading.Tasks.Sources.IValueTaskSource<System.Int32>.GetResult(Int16 token)
   at System.Net.Security.SslStream.EnsureFullTlsFrameAsync[TIOAdapter](CancellationToken cancellationToken, Int32 estimatedSize)
   at System.Runtime.CompilerServices.PoolingAsyncValueTaskMethodBuilder`1.StateMachineBox`1.System.Threading.Tasks.Sources.IValueTaskSource<TResult>.GetResult(Int16 token)
   at System.Net.Security.SslStream.ReadAsyncInternal[TIOAdapter](Memory`1 buffer, CancellationToken cancellationToken)
   at System.Runtime.CompilerServices.PoolingAsyncValueTaskMethodBuilder`1.StateMachineBox`1.System.Threading.Tasks.Sources.IValueTaskSource<TResult>.GetResult(Int16 token)
   at System.Net.Http.HttpConnection.SendAsync(HttpRequestMessage request, Boolean async, CancellationToken cancellationToken)
   --- End of inner exception stack trace ---
   at System.Net.Http.HttpConnection.SendAsync(HttpRequestMessage request, Boolean async, CancellationToken cancellationToken)
   at System.Net.Http.AuthenticationHelper.SendWithNtAuthAsync(HttpRequestMessage request, Uri authUri, Boolean async, ICredentials credentials, Boolean isProxyAuth, HttpConnection connection, HttpConnectionPool connectionPool, CancellationToken cancellationToken)
   at System.Net.Http.HttpConnectionPool.SendWithVersionDetectionAndRetryAsync(HttpRequestMessage request, Boolean async, Boolean doRequestAuth, CancellationToken cancellationToken)
   at System.Net.Http.AuthenticationHelper.SendWithAuthAsync(HttpRequestMessage request, Uri authUri, Boolean async, ICredentials credentials, Boolean preAuthenticate, Boolean isProxyAuth, Boolean doRequestAuth, HttpConnectionPool pool, CancellationToken cancellationToken)
   at System.Net.Http.RedirectHandler.SendAsync(HttpRequestMessage request, Boolean async, CancellationToken cancellationToken)
   at GitHub.Services.Common.RawHttpMessageHandler.SendAsync(HttpRequestMessage request, CancellationToken cancellationToken)
   at GitHub.Services.Common.VssHttpRetryMessageHandler.SendAsync(HttpRequestMessage request, CancellationToken cancellationToken)
   at System.Net.Http.HttpClient.<SendAsync>g__Core|83_0(HttpRequestMessage request, HttpCompletionOption completionOption, CancellationTokenSource cts, Boolean disposeCts, CancellationTokenSource pendingRequestsCts, CancellationToken originalCancellationToken)
   --- End of inner exception stack trace ---
   at System.Net.Http.HttpClient.HandleFailure(Exception e, Boolean telemetryStarted, HttpResponseMessage response, CancellationTokenSource cts, CancellationToken cancellationToken, CancellationTokenSource pendingRequestsCts)
   at System.Net.Http.HttpClient.<SendAsync>g__Core|83_0(HttpRequestMessage request, HttpCompletionOption completionOption, CancellationTokenSource cts, Boolean disposeCts, CancellationTokenSource pendingRequestsCts, CancellationToken originalCancellationToken)
   at Sdk.WebApi.WebApi.RawHttpClientBase.SendAsync(HttpRequestMessage message, HttpCompletionOption completionOption, Object userState, CancellationToken cancellationToken)
   at Sdk.WebApi.WebApi.RawHttpClientBase.SendAsync[T](HttpRequestMessage message, Boolean readErrorBody, Object userState, CancellationToken cancellationToken)
   at Sdk.WebApi.WebApi.RawHttpClientBase.SendAsync[T](HttpMethod method, IEnumerable`1 additionalHeaders, Uri requestUri, HttpContent content, IEnumerable`1 queryParameters, Boolean readErrorBody, Object userState, CancellationToken cancellationToken)
   at GitHub.Actions.RunService.WebApi.BrokerHttpClient.GetRunnerMessageAsync(Nullable`1 sessionId, String runnerVersion, Nullable`1 status, String os, String architecture, Nullable`1 disableUpdate, CancellationToken cancellationToken)
   at GitHub.Runner.Common.BrokerServer.<>c__DisplayClass7_0.<<GetRunnerMessageAsync>b__0>d.MoveNext()
--- End of stack trace from previous location ---
   at GitHub.Runner.Common.RunnerService.RetryRequest[T](Func`1 func, CancellationToken cancellationToken, Int32 maxRetryAttemptsCount, Func`2 shouldRetry)
[2025-06-26 15:20:55Z ERR  BrokerServer] #####################################################
[2025-06-26 15:20:55Z ERR  BrokerServer] System.Threading.Tasks.TaskCanceledException: The operation was canceled.
 ---> System.IO.IOException: Unable to read data from the transport connection: The I/O operation has been aborted because of either a thread exit or an application request..
 ---> System.Net.Sockets.SocketException (995): The I/O operation has been aborted because of either a thread exit or an application request.
   --- End of inner exception stack trace ---
   at System.Net.Sockets.Socket.AwaitableSocketAsyncEventArgs.ThrowException(SocketError error, CancellationToken cancellationToken)
   at System.Net.Sockets.Socket.AwaitableSocketAsyncEventArgs.System.Threading.Tasks.Sources.IValueTaskSource<System.Int32>.GetResult(Int16 token)
   at System.Net.Security.SslStream.EnsureFullTlsFrameAsync[TIOAdapter](CancellationToken cancellationToken, Int32 estimatedSize)
   at System.Runtime.CompilerServices.PoolingAsyncValueTaskMethodBuilder`1.StateMachineBox`1.System.Threading.Tasks.Sources.IValueTaskSource<TResult>.GetResult(Int16 token)
   at System.Net.Security.SslStream.ReadAsyncInternal[TIOAdapter](Memory`1 buffer, CancellationToken cancellationToken)
   at System.Runtime.CompilerServices.PoolingAsyncValueTaskMethodBuilder`1.StateMachineBox`1.System.Threading.Tasks.Sources.IValueTaskSource<TResult>.GetResult(Int16 token)
   at System.Net.Http.HttpConnection.SendAsync(HttpRequestMessage request, Boolean async, CancellationToken cancellationToken)
   --- End of inner exception stack trace ---
   at System.Net.Http.HttpConnection.SendAsync(HttpRequestMessage request, Boolean async, CancellationToken cancellationToken)
   at System.Net.Http.AuthenticationHelper.SendWithNtAuthAsync(HttpRequestMessage request, Uri authUri, Boolean async, ICredentials credentials, Boolean isProxyAuth, HttpConnection connection, HttpConnectionPool connectionPool, CancellationToken cancellationToken)
   at System.Net.Http.HttpConnectionPool.SendWithVersionDetectionAndRetryAsync(HttpRequestMessage request, Boolean async, Boolean doRequestAuth, CancellationToken cancellationToken)
   at System.Net.Http.AuthenticationHelper.SendWithAuthAsync(HttpRequestMessage request, Uri authUri, Boolean async, ICredentials credentials, Boolean preAuthenticate, Boolean isProxyAuth, Boolean doRequestAuth, HttpConnectionPool pool, CancellationToken cancellationToken)
   at System.Net.Http.RedirectHandler.SendAsync(HttpRequestMessage request, Boolean async, CancellationToken cancellationToken)
   at GitHub.Services.Common.RawHttpMessageHandler.SendAsync(HttpRequestMessage request, CancellationToken cancellationToken)
   at GitHub.Services.Common.VssHttpRetryMessageHandler.SendAsync(HttpRequestMessage request, CancellationToken cancellationToken)
   at System.Net.Http.HttpClient.<SendAsync>g__Core|83_0(HttpRequestMessage request, HttpCompletionOption completionOption, CancellationTokenSource cts, Boolean disposeCts, CancellationTokenSource pendingRequestsCts, CancellationToken originalCancellationToken)
[2025-06-26 15:20:55Z ERR  BrokerServer] #####################################################
[2025-06-26 15:20:55Z ERR  BrokerServer] System.IO.IOException: Unable to read data from the transport connection: The I/O operation has been aborted because of either a thread exit or an application request..
 ---> System.Net.Sockets.SocketException (995): The I/O operation has been aborted because of either a thread exit or an application request.
   --- End of inner exception stack trace ---
   at System.Net.Sockets.Socket.AwaitableSocketAsyncEventArgs.ThrowException(SocketError error, CancellationToken cancellationToken)
   at System.Net.Sockets.Socket.AwaitableSocketAsyncEventArgs.System.Threading.Tasks.Sources.IValueTaskSource<System.Int32>.GetResult(Int16 token)
   at System.Net.Security.SslStream.EnsureFullTlsFrameAsync[TIOAdapter](CancellationToken cancellationToken, Int32 estimatedSize)
   at System.Runtime.CompilerServices.PoolingAsyncValueTaskMethodBuilder`1.StateMachineBox`1.System.Threading.Tasks.Sources.IValueTaskSource<TResult>.GetResult(Int16 token)
   at System.Net.Security.SslStream.ReadAsyncInternal[TIOAdapter](Memory`1 buffer, CancellationToken cancellationToken)
   at System.Runtime.CompilerServices.PoolingAsyncValueTaskMethodBuilder`1.StateMachineBox`1.System.Threading.Tasks.Sources.IValueTaskSource<TResult>.GetResult(Int16 token)
   at System.Net.Http.HttpConnection.SendAsync(HttpRequestMessage request, Boolean async, CancellationToken cancellationToken)
[2025-06-26 15:20:55Z ERR  BrokerServer] #####################################################
[2025-06-26 15:20:55Z ERR  BrokerServer] System.Net.Sockets.SocketException (995): The I/O operation has been aborted because of either a thread exit or an application request.
[2025-06-26 15:20:55Z WARN BrokerServer] Back off 10.426 seconds before next retry. 4 attempt left.
[2025-06-26 15:20:55Z INFO BrokerMessageListener] Get messages has been cancelled using local token source. Continue to get messages with new status.
